[debug] [2024-12-29T18:40:06.796Z] ----------------------------------------------------------------------
[debug] [2024-12-29T18:40:06.807Z] Command:       C:\Program Files\nodejs\node.exe C:\Users\ASUS\AppData\Roaming\npm\node_modules\firebase-tools\lib\bin\firebase.js init
[debug] [2024-12-29T18:40:06.807Z] CLI Version:   13.29.1
[debug] [2024-12-29T18:40:06.808Z] Platform:      win32
[debug] [2024-12-29T18:40:06.808Z] Node Version:  v23.0.0
[debug] [2024-12-29T18:40:06.808Z] Time:          Mon Dec 30 2024 01:40:06 GMT+0700 (Western Indonesia Time)
[debug] [2024-12-29T18:40:06.808Z] ----------------------------------------------------------------------
[debug] 
[debug] [2024-12-29T18:40:06.916Z] > command requires scopes: ["email","openid","https://www.googleapis.com/auth/cloudplatformprojects.readonly","https://www.googleapis.com/auth/firebase","https://www.googleapis.com/auth/cloud-platform"]
[debug] [2024-12-29T18:40:06.918Z] > authorizing via signed-in user (2300016122@webmail.uad.ac.id)
[info] 
     ######## #### ########  ######## ########     ###     ######  ########
     ##        ##  ##     ## ##       ##     ##  ##   ##  ##       ##
     ######    ##  ########  ######   ########  #########  ######  ######
     ##        ##  ##    ##  ##       ##     ## ##     ##       ## ##
     ##       #### ##     ## ######## ########  ##     ##  ######  ########

You're about to initialize a Firebase project in this directory:

  C:\KULIAH UAD\SEMESTER 3\TEKWEB\Contoh\Dre\dress up

Before we get started, keep in mind:

  * You are currently outside your home directory
  * You are initializing within an existing Firebase project directory

